# JRE version: Java(TM) SE Runtime Environment (8.0_251-b08) (build 1.8.0_251-b08)
# Java VM: Java HotSpot(TM) 64-Bit Server VM (25.251-b08 mixed mode windows-amd64 compressed oops)
Heap:
 def new generation   total 7552K, used 5533K [0x00000000f0000000, 0x00000000f0830000, 0x00000000f5550000)
  eden space 6720K,  70% used [0x00000000f0000000, 0x00000000f04a68a0, 0x00000000f0690000)
  from space 832K,  92% used [0x00000000f0760000, 0x00000000f0820f58, 0x00000000f0830000)
  to   space 832K,   0% used [0x00000000f0690000, 0x00000000f0690000, 0x00000000f0760000)
 tenured generation   total 26844K, used 16104K [0x00000000f5550000, 0x00000000f6f87000, 0x0000000100000000)
   the space 26844K,  59% used [0x00000000f5550000, 0x00000000f650a0f0, 0x00000000f650a200, 0x00000000f6f87000)
 Metaspace       used 20680K, capacity 22156K, committed 22400K, reserved 1069056K
  class space    used 2563K, capacity 3106K, committed 3200K, reserved 1048576K
GC Heap History (10 events):
Event: 12.196 GC heap before
{Heap before GC invocations=55 (full 2):
 def new generation   total 7552K, used 7059K [0x00000000f0000000, 0x00000000f0830000, 0x00000000f5550000)
  eden space 6720K, 100% used [0x00000000f0000000, 0x00000000f0690000, 0x00000000f0690000)
  from space 832K,  40% used [0x00000000f0690000, 0x00000000f06e4e80, 0x00000000f0760000)
  to   space 832K,   0% used [0x00000000f0760000, 0x00000000f0760000, 0x00000000f0830000)
 tenured generation   total 26844K, used 16104K [0x00000000f5550000, 0x00000000f6f87000, 0x0000000100000000)
   the space 26844K,  59% used [0x00000000f5550000, 0x00000000f650a0f0, 0x00000000f650a200, 0x00000000f6f87000)
 Metaspace       used 20356K, capacity 21770K, committed 22016K, reserved 1069056K
  class space    used 2506K, capacity 2973K, committed 3072K, reserved 1048576K
Event: 12.198 GC heap after
Heap after GC invocations=56 (full 2):
 def new generation   total 7552K, used 340K [0x00000000f0000000, 0x00000000f0830000, 0x00000000f5550000)
  eden space 6720K,   0% used [0x00000000f0000000, 0x00000000f0000000, 0x00000000f0690000)
  from space 832K,  40% used [0x00000000f0760000, 0x00000000f07b50d8, 0x00000000f0830000)
  to   space 832K,   0% used [0x00000000f0690000, 0x00000000f0690000, 0x00000000f0760000)
 tenured generation   total 26844K, used 16104K [0x00000000f5550000, 0x00000000f6f87000, 0x0000000100000000)
   the space 26844K,  59% used [0x00000000f5550000, 0x00000000f650a0f0, 0x00000000f650a200, 0x00000000f6f87000)
 Metaspace       used 20356K, capacity 21770K, committed 22016K, reserved 1069056K
  class space    used 2506K, capacity 2973K, committed 3072K, reserved 1048576K
}
Event: 12.208 GC heap before
{Heap before GC invocations=56 (full 2):
 def new generation   total 7552K, used 7060K [0x00000000f0000000, 0x00000000f0830000, 0x00000000f5550000)
  eden space 6720K, 100% used [0x00000000f0000000, 0x00000000f0690000, 0x00000000f0690000)
  from space 832K,  40% used [0x00000000f0760000, 0x00000000f07b50d8, 0x00000000f0830000)
  to   space 832K,   0% used [0x00000000f0690000, 0x00000000f0690000, 0x00000000f0760000)
 tenured generation   total 26844K, used 16104K [0x00000000f5550000, 0x00000000f6f87000, 0x0000000100000000)
   the space 26844K,  59% used [0x00000000f5550000, 0x00000000f650a0f0, 0x00000000f650a200, 0x00000000f6f87000)
 Metaspace       used 20356K, capacity 21770K, committed 22016K, reserved 1069056K
  class space    used 2506K, capacity 2973K, committed 3072K, reserved 1048576K
Event: 12.209 GC heap after
Heap after GC invocations=57 (full 2):
 def new generation   total 7552K, used 340K [0x00000000f0000000, 0x00000000f0830000, 0x00000000f5550000)
  eden space 6720K,   0% used [0x00000000f0000000, 0x00000000f0000000, 0x00000000f0690000)
  from space 832K,  40% used [0x00000000f0690000, 0x00000000f06e5210, 0x00000000f0760000)
  to   space 832K,   0% used [0x00000000f0760000, 0x00000000f0760000, 0x00000000f0830000)
 tenured generation   total 26844K, used 16104K [0x00000000f5550000, 0x00000000f6f87000, 0x0000000100000000)
   the space 26844K,  59% used [0x00000000f5550000, 0x00000000f650a0f0, 0x00000000f650a200, 0x00000000f6f87000)
 Metaspace       used 20356K, capacity 21770K, committed 22016K, reserved 1069056K
  class space    used 2506K, capacity 2973K, committed 3072K, reserved 1048576K
}
Event: 12.219 GC heap before
{Heap before GC invocations=57 (full 2):
 def new generation   total 7552K, used 7060K [0x00000000f0000000, 0x00000000f0830000, 0x00000000f5550000)
  eden space 6720K, 100% used [0x00000000f0000000, 0x00000000f0690000, 0x00000000f0690000)
  from space 832K,  40% used [0x00000000f0690000, 0x00000000f06e5210, 0x00000000f0760000)
  to   space 832K,   0% used [0x00000000f0760000, 0x00000000f0760000, 0x00000000f0830000)
 tenured generation   total 26844K, used 16104K [0x00000000f5550000, 0x00000000f6f87000, 0x0000000100000000)
   the space 26844K,  59% used [0x00000000f5550000, 0x00000000f650a0f0, 0x00000000f650a200, 0x00000000f6f87000)
 Metaspace       used 20356K, capacity 21770K, committed 22016K, reserved 1069056K
  class space    used 2506K, capacity 2973K, committed 3072K, reserved 1048576K
Event: 12.220 GC heap after
Heap after GC invocations=58 (full 2):
 def new generation   total 7552K, used 340K [0x00000000f0000000, 0x00000000f0830000, 0x00000000f5550000)
  eden space 6720K,   0% used [0x00000000f0000000, 0x00000000f0000000, 0x00000000f0690000)
  from space 832K,  40% used [0x00000000f0760000, 0x00000000f07b52f0, 0x00000000f0830000)
  to   space 832K,   0% used [0x00000000f0690000, 0x00000000f0690000, 0x00000000f0760000)
 tenured generation   total 26844K, used 16104K [0x00000000f5550000, 0x00000000f6f87000, 0x0000000100000000)
   the space 26844K,  59% used [0x00000000f5550000, 0x00000000f650a0f0, 0x00000000f650a200, 0x00000000f6f87000)
 Metaspace       used 20356K, capacity 21770K, committed 22016K, reserved 1069056K
  class space    used 2506K, capacity 2973K, committed 3072K, reserved 1048576K
}
Event: 12.235 GC heap before
{Heap before GC invocations=58 (full 2):
 def new generation   total 7552K, used 7060K [0x00000000f0000000, 0x00000000f0830000, 0x00000000f5550000)
  eden space 6720K, 100% used [0x00000000f0000000, 0x00000000f0690000, 0x00000000f0690000)
  from space 832K,  40% used [0x00000000f0760000, 0x00000000f07b52f0, 0x00000000f0830000)
  to   space 832K,   0% used [0x00000000f0690000, 0x00000000f0690000, 0x00000000f0760000)
 tenured generation   total 26844K, used 16104K [0x00000000f5550000, 0x00000000f6f87000, 0x0000000100000000)
   the space 26844K,  59% used [0x00000000f5550000, 0x00000000f650a0f0, 0x00000000f650a200, 0x00000000f6f87000)
 Metaspace       used 20356K, capacity 21770K, committed 22016K, reserved 1069056K
  class space    used 2506K, capacity 2973K, committed 3072K, reserved 1048576K
Event: 12.237 GC heap after
Heap after GC invocations=59 (full 2):
 def new generation   total 7552K, used 368K [0x00000000f0000000, 0x00000000f0830000, 0x00000000f5550000)
  eden space 6720K,   0% used [0x00000000f0000000, 0x00000000f0000000, 0x00000000f0690000)
  from space 832K,  44% used [0x00000000f0690000, 0x00000000f06ec070, 0x00000000f0760000)
  to   space 832K,   0% used [0x00000000f0760000, 0x00000000f0760000, 0x00000000f0830000)
 tenured generation   total 26844K, used 16104K [0x00000000f5550000, 0x00000000f6f87000, 0x0000000100000000)
   the space 26844K,  59% used [0x00000000f5550000, 0x00000000f650a0f0, 0x00000000f650a200, 0x00000000f6f87000)
 Metaspace       used 20356K, capacity 21770K, committed 22016K, reserved 1069056K
  class space    used 2506K, capacity 2973K, committed 3072K, reserved 1048576K
}
Event: 12.383 GC heap before
{Heap before GC invocations=59 (full 2):
 def new generation   total 7552K, used 7088K [0x00000000f0000000, 0x00000000f0830000, 0x00000000f5550000)
  eden space 6720K, 100% used [0x00000000f0000000, 0x00000000f0690000, 0x00000000f0690000)
  from space 832K,  44% used [0x00000000f0690000, 0x00000000f06ec070, 0x00000000f0760000)
  to   space 832K,   0% used [0x00000000f0760000, 0x00000000f0760000, 0x00000000f0830000)
 tenured generation   total 26844K, used 16104K [0x00000000f5550000, 0x00000000f6f87000, 0x0000000100000000)
   the space 26844K,  59% used [0x00000000f5550000, 0x00000000f650a0f0, 0x00000000f650a200, 0x00000000f6f87000)
 Metaspace       used 20514K, capacity 21928K, committed 22016K, reserved 1069056K
  class space    used 2537K, capacity 3031K, committed 3072K, reserved 1048576K
Event: 12.387 GC heap after
Heap after GC invocations=60 (full 2):
 def new generation   total 7552K, used 771K [0x00000000f0000000, 0x00000000f0830000, 0x00000000f5550000)
  eden space 6720K,   0% used [0x00000000f0000000, 0x00000000f0000000, 0x00000000f0690000)
  from space 832K,  92% used [0x00000000f0760000, 0x00000000f0820f58, 0x00000000f0830000)
  to   space 832K,   0% used [0x00000000f0690000, 0x00000000f0690000, 0x00000000f0760000)
 tenured generation   total 26844K, used 16104K [0x00000000f5550000, 0x00000000f6f87000, 0x0000000100000000)
   the space 26844K,  59% used [0x00000000f5550000, 0x00000000f650a0f0, 0x00000000f650a200, 0x00000000f6f87000)
 Metaspace       used 20514K, capacity 21928K, committed 22016K, reserved 1069056K
  class space    used 2537K, capacity 3031K, committed 3072K, reserved 1048576K
}

